Starting Dynare (version 7-unstable-2024-07-31-1600-58c15bd1).
Calling Dynare with arguments: none
Starting preprocessing of the model file ...
WARNING: _pow_model_core.inc:51.1-103.1: Symbol RHOA_S declared twice.
WARNING: _pow_model_core.inc:51.1-103.1: Symbol RHOG_S declared twice.
WARNING: _pow_model_core.inc:51.1-103.1: Symbol RHOM_D declared twice.
WARNING: _pow_model_core.inc:51.1-103.1: Symbol RHOM_N declared twice.
WARNING: _pow_model_core.inc:51.1-103.1: Symbol RHOM_S declared twice.
Excluded 1 dynamic equation via model_remove or model_replace statement, or via include_eqs or exclude_eqs option
Excluded 1 dynamic equation via model_remove or model_replace statement, or via include_eqs or exclude_eqs option
Excluded 1 dynamic equation via model_remove or model_replace statement, or via include_eqs or exclude_eqs option
Excluded 1 dynamic equation via model_remove or model_replace statement, or via include_eqs or exclude_eqs option
Excluded 1 dynamic equation via model_remove or model_replace statement, or via include_eqs or exclude_eqs option
Excluded 1 dynamic equation via model_remove or model_replace statement, or via include_eqs or exclude_eqs option
Excluded 1 dynamic equation via model_remove or model_replace statement, or via include_eqs or exclude_eqs option
Excluded 1 dynamic equation via model_remove or model_replace statement, or via include_eqs or exclude_eqs option
Excluded 1 dynamic equation via model_remove or model_replace statement, or via include_eqs or exclude_eqs option
Excluded 1 dynamic equation via model_remove or model_replace statement, or via include_eqs or exclude_eqs option
Substitution of endo lags >= 2: added 4 auxiliary variables and equations.
Found 303 equation(s).
Evaluating expressions...
Computing static model derivatives (order 1).
Normalizing the static model...
Finding the optimal block decomposition of the static model...
42 block(s) found:
  40 recursive block(s) and 2 simultaneous block(s).
  the largest simultaneous block has 204 equation(s)
                                 and 204 feedback variable(s).
Computing dynamic model derivatives (order 1).
Normalizing the dynamic model...
Finding the optimal block decomposition of the dynamic model...
38 block(s) found:
  36 recursive block(s) and 2 simultaneous block(s).
  the largest simultaneous block has 216 equation(s)
                                 and 212 feedback variable(s).
Preprocessing completed.
Preprocessing time: 0h00m01s.

STEADY-STATE RESULTS:

gdp_R              		 0.22154
gdp_D              		 0.22154
gdp_N              		 0.22154
gdp_S              		 0.22154
y_R                		 0.374914
y_D                		 0.374914
y_N                		 0.374914
y_S                		 0.374914
c_R                		 0.123673
c_D                		 0.123673
c_N                		 0.123673
c_S                		 0.123673
l_R                		 1
l_D                		 1
l_N                		 1
l_S                		 1
w_R                		 0.112474
w_D                		 0.112474
w_N                		 0.112474
w_S                		 0.112474
mu_R               		 1
mu_D               		 1
mu_N               		 1
mu_S               		 1
chil_R             		 26.7406
chil_D             		 26.7406
chil_N             		 26.7406
chil_S             		 26.7406
lambda_R           		 261.524
lambda_D           		 261.524
lambda_N           		 261.524
lambda_S           		 261.524
mc_R               		 0.909091
mc_D               		 0.909091
mc_N               		 0.909091
mc_S               		 0.909091
pi_R               		 1
pi_D               		 1
pi_N               		 1
pi_S               		 1
rnom_R             		 1.04
rnom_D             		 1.04
rnom_N             		 1.04
rnom_S             		 1.04
g_R                		 0.044308
g_D                		 0.044308
g_N                		 0.044308
g_S                		 0.044308
a_R                		 1
a_D                		 1
a_N                		 1
a_S                		 1
m_R                		 0.374914
m_D                		 0.374914
m_N                		 0.374914
m_S                		 0.374914
x_R                		 0.153374
x_D                		 0.153374
x_N                		 0.153374
x_S                		 0.153374
nx_R               		 4.33681e-19
nx_D               		 -6.50521e-18
nx_N               		 6.93889e-18
nx_S               		 6.93889e-18
i_R                		 0.0535591
i_D                		 0.0535591
i_N                		 0.0535591
i_S                		 0.0535591
k_R                		 0.535591
k_D                		 0.535591
k_N                		 0.535591
k_S                		 0.535591
rk_R               		 0.14
rk_D               		 0.14
rk_N               		 0.14
rk_S               		 0.14
qk_R               		 1
qk_D               		 1
qk_N               		 1
qk_S               		 1
zeta_R             		 1
zeta_D             		 1
zeta_N             		 1
zeta_S             		 1
wtilde_R           		 0.112474
wtilde_D           		 0.112474
wtilde_N           		 0.112474
wtilde_S           		 0.112474
wstar_R            		 1
wstar_D            		 1
wstar_N            		 1
wstar_S            		 1
Sum1w_R            		 31.2474
Sum1w_D            		 31.2474
Sum1w_N            		 31.2474
Sum1w_S            		 31.2474
Sum2w_R            		 34.3722
Sum2w_D            		 34.3722
Sum2w_N            		 34.3722
Sum2w_S            		 34.3722
pi_R_R             		 1
pi_D_D             		 1
pi_N_N             		 1
pi_S_S             		 1
ptilde_R_R         		 1
ptilde_D_D         		 1
ptilde_N_N         		 1
ptilde_S_S         		 1
pstar_R_R          		 1
pstar_D_D          		 1
pstar_N_N          		 1
pstar_S_S          		 1
Sum1p_R_R          		 102.178
Sum1p_D_D          		 88.7712
Sum1p_N_N          		 88.7712
Sum1p_S_S          		 88.7712
Sum2p_R_R          		 112.396
Sum2p_D_D          		 97.6483
Sum2p_N_N          		 97.6483
Sum2p_S_S          		 97.6483
b_R_R              		 0
b_R_D              		 0
b_R_N              		 0
b_R_S              		 0
b_D_R              		 0
b_D_D              		 0
b_D_N              		 0
b_D_S              		 0
b_N_R              		 0
b_N_D              		 0
b_N_N              		 0
b_N_S              		 0
b_S_R              		 0
b_S_D              		 0
b_S_N              		 0
b_S_S              		 0
y_R_R              		 0.367786
y_R_D              		 0.0516358
y_R_N              		 0.0347647
y_R_S              		 0.0347647
y_D_R              		 0.0030374
y_D_D              		 0.319529
y_D_N              		 0.00187457
y_D_S              		 0.00187457
y_N_R              		 0.00204498
y_N_D              		 0.00187457
y_N_N              		 0.319529
y_N_S              		 0.0187457
y_S_R              		 0.00204498
y_S_D              		 0.00187457
y_S_N              		 0.0187457
y_S_S              		 0.319529
p_R_R              		 1
p_R_D              		 1
p_R_N              		 1
p_R_S              		 1
p_D_R              		 1
p_D_D              		 1
p_D_N              		 1
p_D_S              		 1
p_N_R              		 1
p_N_D              		 1
p_N_N              		 1
p_N_S              		 1
p_S_R              		 1
p_S_D              		 1
p_S_N              		 1
p_S_S              		 1
rer_D_R            		 1
rer_N_R            		 1
rer_S_R            		 1
rer_R_D            		 1
rer_N_D            		 1
rer_S_D            		 1
rer_R_N            		 1
rer_D_N            		 1
rer_S_N            		 1
rer_R_S            		 1
rer_D_S            		 1
rer_N_S            		 1
dner_D_R           		 1
dner_N_R           		 1
dner_S_R           		 1
dner_R_D           		 1
dner_N_D           		 1
dner_S_D           		 1
dner_R_N           		 1
dner_D_N           		 1
dner_S_N           		 1
dner_R_S           		 1
dner_D_S           		 1
dner_N_S           		 1
em_D_R             		 1
em_N_R             		 1
em_S_R             		 1
em_R_D             		 1
em_N_D             		 1
em_S_D             		 1
em_R_N             		 1
em_D_N             		 1
em_S_N             		 1
em_R_S             		 1
em_D_S             		 1
em_N_S             		 1
piEX_D_R           		 1
piEX_N_R           		 1
piEX_S_R           		 1
piEX_R_D           		 1
piEX_N_D           		 1
piEX_S_D           		 1
piEX_R_N           		 1
piEX_D_N           		 1
piEX_S_N           		 1
piEX_R_S           		 1
piEX_D_S           		 1
piEX_N_S           		 1
pEXtilde_D_R       		 1
pEXtilde_N_R       		 1
pEXtilde_S_R       		 1
pEXtilde_R_D       		 1
pEXtilde_N_D       		 1
pEXtilde_S_D       		 1
pEXtilde_R_N       		 1
pEXtilde_D_N       		 1
pEXtilde_S_N       		 1
pEXtilde_R_S       		 1
pEXtilde_D_S       		 1
pEXtilde_N_S       		 1
pEXstar_D_R        		 1
pEXstar_N_R        		 1
pEXstar_S_R        		 1
pEXstar_R_D        		 1
pEXstar_N_D        		 1
pEXstar_S_D        		 1
pEXstar_R_N        		 1
pEXstar_D_N        		 1
pEXstar_S_N        		 1
pEXstar_R_S        		 1
pEXstar_D_S        		 1
pEXstar_N_S        		 1
Sum1pEX_D_R        		 0.843848
Sum1pEX_N_R        		 0.568135
Sum1pEX_S_R        		 0.568135
Sum1pEX_R_D        		 14.3454
Sum1pEX_N_D        		 0.520791
Sum1pEX_S_D        		 0.520791
Sum1pEX_R_N        		 9.6583
Sum1pEX_D_N        		 0.520791
Sum1pEX_S_N        		 5.20791
Sum1pEX_R_S        		 9.6583
Sum1pEX_D_S        		 0.520791
Sum1pEX_N_S        		 5.20791
Sum2pEX_D_R        		 0.928233
Sum2pEX_N_R        		 0.624949
Sum2pEX_S_R        		 0.624949
Sum2pEX_R_D        		 15.78
Sum2pEX_N_D        		 0.57287
Sum2pEX_S_D        		 0.57287
Sum2pEX_R_N        		 10.6241
Sum2pEX_D_N        		 0.57287
Sum2pEX_S_N        		 5.7287
Sum2pEX_R_S        		 10.6241
Sum2pEX_D_S        		 0.57287
Sum2pEX_N_S        		 5.7287
a_global           		 1
walras_test        		 0
plot_gdp_R         		 0
plot_pi_R          		 0
plot_k_R           		 0
plot_g_R           		 0
plot_a_R           		 0
plot_lab_R         		 0
plot_x_R           		 0
plot_nx_R          		 0
plot_gdp_D         		 0
plot_pi_D          		 0
plot_k_D           		 0
plot_g_D           		 0
plot_a_D           		 0
plot_lab_D         		 0
plot_x_D           		 0
plot_nx_D          		 0
plot_gdp_N         		 0
plot_pi_N          		 0
plot_k_N           		 0
plot_g_N           		 0
plot_a_N           		 0
plot_lab_N         		 0
plot_x_N           		 0
plot_nx_N          		 0
plot_gdp_S         		 0
plot_pi_S          		 0
plot_k_S           		 0
plot_g_S           		 0
plot_a_S           		 0
plot_lab_S         		 0
plot_x_S           		 0
plot_nx_S          		 0
war                		 0
Total computing time : 0h00m05s
Note: 5 warning(s) encountered in the preprocessor
